gameEngine/build/intermediates/proguard-rules/debug/aapt_rules.txt
# Generated by the gradle plugin
-keep class app.pearson.gameengine.Engine { <init>(...); }