gameEngine/build/outputs/mapping/debug/seeds.txt
app.pearson.gameengine.Button$State: app.pearson.gameengine.Button$State[] values()
app.pearson.gameengine.Button$State: app.pearson.gameengine.Button$State valueOf(java.lang.String)
app.pearson.gameengine.Engine$FontStyles: app.pearson.gameengine.Engine$FontStyles[] values()
app.pearson.gameengine.Engine$FontStyles: app.pearson.gameengine.Engine$FontStyles valueOf(java.lang.String)
app.pearson.gameengine.Engine$ScreenModes: app.pearson.gameengine.Engine$ScreenModes[] values()
app.pearson.gameengine.Engine$ScreenModes: app.pearson.gameengine.Engine$ScreenModes valueOf(java.lang.String)
app.pearson.gameengine.MovementDir: app.pearson.gameengine.MovementDir[] values()
app.pearson.gameengine.MovementDir: app.pearson.gameengine.MovementDir valueOf(java.lang.String)
app.pearson.gameengine.PCharacter$LastWall: app.pearson.gameengine.PCharacter$LastWall[] values()
app.pearson.gameengine.PCharacter$LastWall: app.pearson.gameengine.PCharacter$LastWall valueOf(java.lang.String)
app.pearson.gameengine.R
app.pearson.gameengine.R$dimen
app.pearson.gameengine.R$dimen: int activity_horizontal_margin
app.pearson.gameengine.R$dimen: int activity_vertical_margin
app.pearson.gameengine.R$drawable
app.pearson.gameengine.R$drawable: int ic_launcher
app.pearson.gameengine.R$id
app.pearson.gameengine.R$id: int action_settings
app.pearson.gameengine.R$layout
app.pearson.gameengine.R$layout: int activity_engine
app.pearson.gameengine.R$menu
app.pearson.gameengine.R$menu: int engine
app.pearson.gameengine.R$string
app.pearson.gameengine.R$string: int action_settings
app.pearson.gameengine.R$string: int app_name
app.pearson.gameengine.R$string: int hello_world
app.pearson.gameengine.R$style
app.pearson.gameengine.R$style: int AppBaseTheme
app.pearson.gameengine.R$style: int AppTheme