gameEngine/build/outputs/mapping/debug/mapping.txt
app.pearson.gameengine.R -> app.pearson.gameengine.R:
    void <init>() -> <init>
app.pearson.gameengine.R$dimen -> app.pearson.gameengine.R$dimen:
    int activity_horizontal_margin -> activity_horizontal_margin
    int activity_vertical_margin -> activity_vertical_margin
    void <init>() -> <init>
    void <clinit>() -> <clinit>
app.pearson.gameengine.R$drawable -> app.pearson.gameengine.R$drawable:
    int ic_launcher -> ic_launcher
    void <init>() -> <init>
    void <clinit>() -> <clinit>
app.pearson.gameengine.R$id -> app.pearson.gameengine.R$id:
    int action_settings -> action_settings
    void <init>() -> <init>
    void <clinit>() -> <clinit>
app.pearson.gameengine.R$layout -> app.pearson.gameengine.R$layout:
    int activity_engine -> activity_engine
    void <init>() -> <init>
    void <clinit>() -> <clinit>
app.pearson.gameengine.R$menu -> app.pearson.gameengine.R$menu:
    int engine -> engine
    void <init>() -> <init>
    void <clinit>() -> <clinit>
app.pearson.gameengine.R$string -> app.pearson.gameengine.R$string:
    int action_settings -> action_settings
    int app_name -> app_name
    int hello_world -> hello_world
    void <init>() -> <init>
    void <clinit>() -> <clinit>
app.pearson.gameengine.R$style -> app.pearson.gameengine.R$style:
    int AppBaseTheme -> AppBaseTheme
    int AppTheme -> AppTheme
    void <init>() -> <init>
    void <clinit>() -> <clinit>